Started running at Fri May 17 10:10:35 CDT 2024.
numprocs=1
Cell numbers: PN=8700, FSI=900, LTS=400
Number of positions in core: 12165
Number of cells in core: 10000
Number of positions in shell: 37139
Number of cells in shell: 30000
Adding edge: PN2PN
Adding edge: FSI2FSI
Adding edge: LTS2LTS
Adding edge: FSI2LTS
Adding edge: LTS2FSI
Adding edge: PN2FSI
Adding edge: FSI2PN
Adding edge: PN2LTS
Adding edge: LTS2PN
Adding edge: Thal2PN
All target population partitions are filled.
Adding edge: Base2PN
Adding edge: Base2FSI
Adding edge: Base2LTS
All target population partitions are filled.

Shell edges:
{'network': 'cortex', 'edge': {'source': {'pop_name': ['PN']}, 'target': {'pop_name': ['PN']}, 'source_network': 'shell'}, 'param': 'shellPN2PN', 'add_properties': 'syn_dist_delay_feng_section_PN'}
{'network': 'cortex', 'edge': {'source': {'pop_name': ['FSI']}, 'target': {'pop_name': ['FSI']}, 'source_network': 'shell'}, 'param': 'shellFSI2FSI', 'add_properties': 'syn_dist_delay_feng_default'}
{'network': 'cortex', 'edge': {'source': {'pop_name': ['LTS']}, 'target': {'pop_name': ['LTS']}, 'source_network': 'shell'}, 'param': 'shellLTS2LTS', 'add_properties': 'syn_dist_delay_feng_default'}
{'network': 'cortex', 'edge': {'source': {'pop_name': ['FSI']}, 'target': {'pop_name': ['LTS']}, 'source_network': 'shell'}, 'param': 'shellFSI2LTS', 'add_properties': 'syn_dist_delay_feng_default'}
{'network': 'cortex', 'edge': {'source': {'pop_name': ['LTS']}, 'target': {'pop_name': ['FSI']}, 'source_network': 'shell'}, 'param': 'shellLTS2FSI', 'add_properties': 'syn_dist_delay_feng_default'}
{'network': 'cortex', 'edge': {'source': {'pop_name': ['PN']}, 'target': {'pop_name': ['FSI']}, 'source_network': 'shell'}, 'param': 'shellPN2FSI', 'add_properties': 'syn_dist_delay_feng_default'}
{'network': 'cortex', 'edge': {'source': {'pop_name': ['FSI']}, 'target': {'pop_name': ['PN']}, 'source_network': 'shell'}, 'param': 'shellFSI2PN', 'add_properties': 'syn_dist_delay_feng_default'}
{'network': 'cortex', 'edge': {'source': {'pop_name': ['PN']}, 'target': {'pop_name': ['LTS']}, 'source_network': 'shell'}, 'param': 'shellPN2LTS', 'add_properties': 'syn_dist_delay_feng_default'}
{'network': 'cortex', 'edge': {'source': {'pop_name': ['LTS']}, 'target': {'pop_name': ['PN']}, 'source_network': 'shell'}, 'param': 'shellLTS2PN', 'add_properties': 'syn_dist_delay_feng_default'}

Shell edge parameters:
shellPN2PN:
{'connector_class': <class 'bmtool.connectors.UnidirectionConnector'>, 'connector_params': {'p': <bmtool.connectors.GaussianDropoff object at 0x7faa7edd8cd0>, 'p_arg': <function cylindrical_dist_z at 0x7faa827c0790>, 'n_syn': 1, 'verbose': True}, 'weight_function': 'lognormal_weight', 'syn_weight': 1.0, 'weight_sigma': 0.8, 'sigma_upper_bound': 3.0, 'afferent_section_id': 1, 'afferent_section_pos': 0.4, 'dynamics_params': 'PN2PN.json'}
shellFSI2FSI:
{'connector_class': <class 'bmtool.connectors.UnidirectionConnector'>, 'connector_params': {'p': <bmtool.connectors.GaussianDropoff object at 0x7faa7edd8d30>, 'p_arg': <function spherical_dist at 0x7faa827c0700>, 'n_syn': 1, 'verbose': True}, 'weight_function': 'lognormal_weight', 'syn_weight': 1.0, 'weight_sigma': 0.8, 'sigma_upper_bound': 3.0, 'afferent_section_id': 0, 'afferent_section_pos': 0.5, 'dynamics_params': 'FSI2FSI.json'}
shellLTS2LTS:
{'connector_class': <class 'bmtool.connectors.UnidirectionConnector'>, 'connector_params': {'p': <bmtool.connectors.GaussianDropoff object at 0x7faa7edd8d00>, 'p_arg': <function spherical_dist at 0x7faa827c0700>}, 'weight_function': 'lognormal_weight', 'syn_weight': 1.0, 'weight_sigma': 0.8, 'sigma_upper_bound': 3.0, 'afferent_section_id': 0, 'afferent_section_pos': 0.5, 'dynamics_params': 'LTS2LTS.json'}
shellFSI2LTS:
{'connector_class': <class 'bmtool.connectors.UnidirectionConnector'>, 'connector_params': {'p': <bmtool.connectors.GaussianDropoff object at 0x7faa7edd8d60>, 'p_arg': <function spherical_dist at 0x7faa827c0700>, 'n_syn': 1, 'verbose': True}, 'weight_function': 'lognormal_weight', 'syn_weight': 1.0, 'weight_sigma': 0.8, 'sigma_upper_bound': 3.0, 'afferent_section_id': 0, 'afferent_section_pos': 0.5, 'dynamics_params': 'FSI2LTS.json'}
shellLTS2FSI:
{'connector_class': <class 'bmtool.connectors.UnidirectionConnector'>, 'connector_params': {'p': <bmtool.connectors.GaussianDropoff object at 0x7faa7edd8d90>, 'p_arg': <function spherical_dist at 0x7faa827c0700>, 'n_syn': 1, 'verbose': True}, 'weight_function': 'lognormal_weight', 'syn_weight': 1.0, 'weight_sigma': 0.8, 'sigma_upper_bound': 3.0, 'afferent_section_id': 0, 'afferent_section_pos': 0.5, 'dynamics_params': 'LTS2FSI.json'}
shellPN2FSI:
{'connector_class': <class 'bmtool.connectors.UnidirectionConnector'>, 'connector_params': {'p': <bmtool.connectors.GaussianDropoff object at 0x7faa7edd8df0>, 'p_arg': <function cylindrical_dist_z at 0x7faa827c0790>, 'n_syn': 1, 'verbose': True}, 'weight_function': 'lognormal_weight', 'syn_weight': 1.0, 'weight_sigma': 0.8, 'sigma_upper_bound': 3.0, 'afferent_section_id': 1, 'afferent_section_pos': 0.5, 'dynamics_params': 'PN2FSI.json'}
shellFSI2PN:
{'connector_class': <class 'bmtool.connectors.UnidirectionConnector'>, 'connector_params': {'p': <bmtool.connectors.GaussianDropoff object at 0x7faa7edd8e20>, 'p_arg': <function spherical_dist at 0x7faa827c0700>, 'n_syn': 1, 'verbose': True}, 'weight_function': 'lognormal_weight', 'syn_weight': 1.0, 'weight_sigma': 0.8, 'sigma_upper_bound': 3.0, 'afferent_section_id': 0, 'afferent_section_pos': 0.5, 'dynamics_params': 'FSI2PN.json'}
shellPN2LTS:
{'connector_class': <class 'bmtool.connectors.UnidirectionConnector'>, 'connector_params': {'p': <bmtool.connectors.GaussianDropoff object at 0x7faa7edd8f10>, 'p_arg': <function cylindrical_dist_z at 0x7faa827c0790>, 'n_syn': 1, 'verbose': True}, 'weight_function': 'lognormal_weight', 'syn_weight': 1.0, 'weight_sigma': 0.8, 'sigma_upper_bound': 3.0, 'afferent_section_id': 1, 'afferent_section_pos': 0.5, 'dynamics_params': 'PN2LTS.json'}
shellLTS2PN:
{'connector_class': <class 'bmtool.connectors.UnidirectionConnector'>, 'connector_params': {'p': <bmtool.connectors.GaussianDropoff object at 0x7faa7edd8ee0>, 'p_arg': <function spherical_dist at 0x7faa827c0700>, 'n_syn': 1, 'verbose': True}, 'weight_function': 'lognormal_weight', 'syn_weight': 1.0, 'weight_sigma': 0.8, 'sigma_upper_bound': 3.0, 'afferent_section_id': 2, 'afferent_section_pos': 0.8, 'dynamics_params': 'LTS2PN.json'}

Adding edge: shellPN2PN
Adding edge: shellFSI2FSI
Adding edge: shellLTS2LTS
Adding edge: shellFSI2LTS
Adding edge: shellLTS2FSI
Adding edge: shellPN2FSI
Adding edge: shellFSI2PN
Adding edge: shellPN2LTS
Adding edge: shellLTS2PN
Building cortex

Start building connection between: 
  cortex: pop_name=='['PN']'
  cortex: pop_name=='['PN']'
Output of p0, p0_arg will be cached.
Estimated value of rho=-0.075
Time for estimating rho: 201.961 sec
Total time for creating connection matrix: 276.704 sec
Numbers of (all, reciprocal) connections:
Number of connected pairs: (2306093, 10620)
Number of possible connections: (18193189)
Fraction of connected pairs in possible ones: (12.68%, 0.06%)
Number of total pairs: 37840650
Fraction of connected pairs in all pairs: (6.09%, 0.03%)

Assigning forward connections.
Done! 
Time for building connections: 16.397 sec

Start building connection between: 
  cortex: pop_name=='['FSI']'
  cortex: pop_name=='['FSI']'
Output of p0, p0_arg will be cached.
Estimated value of rho=0.071
Time for estimating rho: 1.874 sec
Total time for creating connection matrix: 2.620 sec
Numbers of (all, reciprocal) connections:
Number of connected pairs: (21290, 1931)
Number of possible connections: (177658)
Fraction of connected pairs in possible ones: (11.98%, 1.09%)
Number of total pairs: 404550
Fraction of connected pairs in all pairs: (5.26%, 0.48%)

Assigning forward connections.
Done! 
Time for building connections: 0.174 sec

Start building connection 
  from cortex: pop_name=='['LTS']'
  to cortex: pop_name=='['LTS']'
Number of connected pairs: 3788
Number of possible connections: 72596
Fraction of connected pairs in possible ones: 5.22%
Number of total pairs: 160000
Fraction of connected pairs in all pairs: 2.37%

Done! 
Time for building connections: 0.800 sec

Start building connection between: 
  cortex: pop_name=='['FSI']'
  cortex: pop_name=='['LTS']'
Output of p0, p0_arg, p1_arg, p1 will be cached.
Estimated value of rho=0.166
Time for estimating rho: 3.035 sec
Total time for creating connection matrix: 4.477 sec
Numbers of (forward, backward, reciprocal) connections:
Number of connected pairs: (18440, 28743, 8059)
Number of possible connections: (160365, 160365, 160365)
Fraction of connected pairs in possible ones: (11.50%, 17.92%, 5.03%)
Number of total pairs: 360000
Fraction of connected pairs in all pairs: (5.12%, 7.98%, 2.24%)

Assigning forward connections.
Assigning backward connections.
Done! 
Time for building connections: 0.791 sec

Start building connection between: 
  cortex: pop_name=='['PN']'
  cortex: pop_name=='['FSI']'
Total time for creating connection matrix: 113.608 sec
Warning: Value of 'pr' outside the bounds occurred.

Numbers of (forward, backward, reciprocal) connections:
Number of connected pairs: (1365362, 1517024, 262211)
Number of possible connections: (3777122, 3433038, 3433038)
Fraction of connected pairs in possible ones: (36.15%, 44.19%, 7.64%)
Number of total pairs: 7830000
Fraction of connected pairs in all pairs: (17.44%, 19.37%, 3.35%)

Assigning forward connections.
Assigning backward connections.
Done! 
Time for building connections: 22.129 sec

Start building connection between: 
  cortex: pop_name=='['PN']'
  cortex: pop_name=='['LTS']'
Output of p0, p0_arg, p1_arg, p1 will be cached.
Estimated value of rho=0.193
Time for estimating rho: 31.580 sec
Total time for creating connection matrix: 46.004 sec
Numbers of (forward, backward, reciprocal) connections:
Number of connected pairs: (163041, 154317, 54130)
Number of possible connections: (1705536, 1549934, 1549934)
Fraction of connected pairs in possible ones: (9.56%, 9.96%, 3.49%)
Number of total pairs: 3480000
Fraction of connected pairs in all pairs: (4.69%, 4.43%, 1.56%)

Assigning forward connections.
Assigning backward connections.
Done! 
Time for building connections: 7.096 sec

Start building connection from thalamus: *
  0. to cortex: pop_name=='['PN']'
    Time for this partition: 25.631 sec
Done! 
Time for building connections: 25.631 sec

Start building connection from baseline: *
  0. to cortex: pop_name=='['PN']'
    Time for this partition: 29.846 sec
  1. to cortex: pop_name=='['FSI']'
    Time for this partition: 3.013 sec
  2. to cortex: pop_name=='['LTS']'
    Time for this partition: 1.342 sec
Done! 
Time for building connections: 34.325 sec

Start building connection 
  from shell: pop_name=='['PN']'
  to cortex: pop_name=='['PN']'
Number of connected pairs: 1195248
Number of possible connections: 22652390
Fraction of connected pairs in possible ones: 5.28%
Number of total pairs: 227070000
Fraction of connected pairs in all pairs: 0.53%

Done! 
Time for building connections: 1000.840 sec

Start building connection 
  from shell: pop_name=='['FSI']'
  to cortex: pop_name=='['FSI']'
Number of connected pairs: 9072
Number of possible connections: 202323
Fraction of connected pairs in possible ones: 4.48%
Number of total pairs: 2430000
Fraction of connected pairs in all pairs: 0.37%

Done! 
Time for building connections: 9.823 sec

Start building connection 
  from shell: pop_name=='['LTS']'
  to cortex: pop_name=='['LTS']'
Number of connected pairs: 1283
Number of possible connections: 37010
Fraction of connected pairs in possible ones: 3.47%
Number of total pairs: 480000
Fraction of connected pairs in all pairs: 0.27%

Done! 
Time for building connections: 1.953 sec

Start building connection 
  from shell: pop_name=='['FSI']'
  to cortex: pop_name=='['LTS']'
Number of connected pairs: 6674
Number of possible connections: 86755
Fraction of connected pairs in possible ones: 7.69%
Number of total pairs: 1080000
Fraction of connected pairs in all pairs: 0.62%

Done! 
Time for building connections: 4.377 sec

Start building connection 
  from shell: pop_name=='['LTS']'
  to cortex: pop_name=='['FSI']'
Number of connected pairs: 10212
Number of possible connections: 84970
Fraction of connected pairs in possible ones: 12.02%
Number of total pairs: 1080000
Fraction of connected pairs in all pairs: 0.95%

Done! 
Time for building connections: 4.365 sec

Start building connection 
  from shell: pop_name=='['PN']'
  to cortex: pop_name=='['FSI']'
Number of connected pairs: 633719
Number of possible connections: 2332244
Fraction of connected pairs in possible ones: 27.17%
Number of total pairs: 23490000
Fraction of connected pairs in all pairs: 2.70%

Done! 
Time for building connections: 104.274 sec

Start building connection 
  from shell: pop_name=='['FSI']'
  to cortex: pop_name=='['PN']'
Number of connected pairs: 803619
Number of possible connections: 1966962
Fraction of connected pairs in possible ones: 40.86%
Number of total pairs: 23490000
Fraction of connected pairs in all pairs: 3.42%

Done! 
Time for building connections: 95.946 sec

Start building connection 
  from shell: pop_name=='['PN']'
  to cortex: pop_name=='['LTS']'
Number of connected pairs: 48804
Number of possible connections: 1008743
Fraction of connected pairs in possible ones: 4.84%
Number of total pairs: 10440000
Fraction of connected pairs in all pairs: 0.47%

Done! 
Time for building connections: 45.755 sec

Start building connection 
  from shell: pop_name=='['LTS']'
  to cortex: pop_name=='['PN']'
Number of connected pairs: 43677
Number of possible connections: 831837
Fraction of connected pairs in possible ones: 5.25%
Number of total pairs: 10440000
Fraction of connected pairs in all pairs: 0.42%

Done! 
Time for building connections: 42.115 sec

Start building gap junction 
  in cortex: pop_name=='FSI'
Number of connected pairs: 34993
Number of possible connections: 177658
Fraction of connected pairs in possible ones: 19.70%
Number of total pairs: 404550
Fraction of connected pairs in all pairs: 8.65%

Done! 
Time for building connections: 2.663 sec

Start building gap junction 
  in cortex: pop_name=='LTS'
Number of connected pairs: 3528
Number of possible connections: 36298
Fraction of connected pairs in possible ones: 9.72%
Number of total pairs: 79800
Fraction of connected pairs in all pairs: 4.42%

Done! 
Time for building connections: 0.530 sec
Building thalamus
Building baseline
Building shell
Done running simulation at Fri May 17 10:55:04 CDT 2024
